[
  {
    "level": "INFO",
    "message": "android.ndkVersion from module build.gradle is not set"
  },
  {
    "level": "INFO",
    "message": "ndk.dir in local.properties is F:\\android-sdk\\ndk\\android-ndk-r16b"
  },
  {
    "level": "INFO",
    "message": "ANDROID_NDK_HOME environment variable is not set"
  },
  {
    "level": "INFO",
    "message": "sdkFolder is F:\\android-sdk"
  },
  {
    "level": "INFO",
    "message": "Considering F:\\android-sdk\\ndk\\android-ndk-r16b by ndk.dir"
  },
  {
    "level": "INFO",
    "message": "Considering F:\\android-sdk\\ndk-bundle in SDK ndk-bundle folder"
  },
  {
    "level": "INFO",
    "message": "Considering F:\\android-sdk\\ndk\\21.3.6528147 in SDK ndk folder"
  },
  {
    "level": "INFO",
    "message": "Considering F:\\android-sdk\\ndk\\android-ndk-r16b in SDK ndk folder"
  },
  {
    "level": "INFO",
    "message": "Rejected F:\\android-sdk\\ndk-bundle in SDK ndk-bundle folder because that location has no source.properties"
  },
  {
    "level": "INFO",
    "message": "Found requested ndk.dir (F:\\android-sdk\\ndk\\android-ndk-r16b) which has version 16.1.4479499"
  }
]